android/app/build/intermediates/manifest_merge_blame_file/debug/manifest-merger-blame-debug-report.txt
1<?xml version="1.0" encoding="utf-8"?>
2<manifest xmlns:android="http://schemas.android.com/apk/res/android"
3    package="com.example.antologia_nueva"
4    android:versionCode="1"
5    android:versionName="1.0.0" >
6
7    <uses-sdk
8        android:minSdkVersion="23"
9        android:targetSdkVersion="35" />
10    <!--
11         The INTERNET permission is required for development. Specifically,
12         the Flutter tool needs it to communicate with the running application
13         to allow setting breakpoints, to provide hot reload, etc.
14    -->
15    <uses-permission android:name="android.permission.INTERNET" />
15-->src\debug\AndroidManifest.xml:6:5-66
15-->src\debug\AndroidManifest.xml:6:22-64
16    <uses-permission android:name="android.permission.ACCESS_NETWORK_STATE" />
16-->[com.google.firebase:firebase-auth:23.2.1] AndroidManifest.xml:26:5-79
16-->[com.google.firebase:firebase-auth:23.2.1] AndroidManifest.xml:26:22-76
17    <uses-permission android:name="com.google.android.providers.gsf.permission.READ_GSERVICES" />
17-->[com.google.android.recaptcha:recaptcha:18.6.1] AndroidManifest.xml:9:5-98
17-->[com.google.android.recaptcha:recaptcha:18.6.1] AndroidManifest.xml:9:22-95
18
19    <permission
19-->[androidx.core:core:1.13.1] AndroidManifest.xml:22:5-24:47
20        android:name="com.example.antologia_nueva.DYNAMIC_RECEIVER_NOT_EXPORTED_PERMISSION"
20-->[androidx.core:core:1.13.1] AndroidManifest.xml:23:9-81
21        android:protectionLevel="signature" />
21-->[androidx.core:core:1.13.1] AndroidManifest.xml:24:9-44
22
23    <uses-permission android:name="com.example.antologia_nueva.DYNAMIC_RECEIVER_NOT_EXPORTED_PERMISSION" />
23-->[androidx.core:core:1.13.1] AndroidManifest.xml:26:5-97
23-->[androidx.core:core:1.13.1] AndroidManifest.xml:26:22-94
24
25    <application
26        android:name="android.app.Application"
27        android:appComponentFactory="androidx.core.app.CoreComponentFactory"
27-->[androidx.core:core:1.13.1] AndroidManifest.xml:28:18-86
28        android:debuggable="true"
29        android:extractNativeLibs="false"
30        android:icon="@mipmap/launcher_icon"
31        android:label="NOA" >
32        <activity
33            android:name="com.example.antologia_nueva.MainActivity"
34            android:configChanges="orientation|keyboardHidden|keyboard|screenSize|smallestScreenSize|locale|layoutDirection|fontScale|screenLayout|density|uiMode"
35            android:exported="true"
36            android:hardwareAccelerated="true"
37            android:launchMode="singleTop"
38            android:theme="@style/LaunchTheme"
39            android:windowSoftInputMode="adjustResize" >
40
41            <!--
42                 Specifies an Android theme to apply to this Activity as soon as
43                 the Android process has started. This theme is visible to the user
44                 while the Flutter UI initializes. After that, this theme continues
45                 to determine the Window background behind the Flutter UI.
46            -->
47            <meta-data
48                android:name="io.flutter.embedding.android.NormalTheme"
49                android:resource="@style/NormalTheme" />
50
51            <intent-filter>
52                <action android:name="android.intent.action.MAIN" />
53
54                <category android:name="android.intent.category.LAUNCHER" />
55            </intent-filter>
56        </activity>
57        <!--
58             Don't delete the meta-data below.
59             This is used by the Flutter tool to generate GeneratedPluginRegistrant.java
60        -->
61        <meta-data
62            android:name="flutterEmbedding"
63            android:value="2" />
64
65        <service
65-->[:cloud_firestore] AndroidManifest.xml:10:9-14:19
66            android:name="com.google.firebase.components.ComponentDiscoveryService"
66-->[:cloud_firestore] AndroidManifest.xml:10:18-89
67            android:directBootAware="true"
67-->[com.google.firebase:firebase-common:21.0.0] AndroidManifest.xml:32:13-43
68            android:exported="false" >
68-->[com.google.firebase:firebase-auth:23.2.1] AndroidManifest.xml:68:13-37
69            <meta-data
69-->[:cloud_firestore] AndroidManifest.xml:11:13-13:85
70                android:name="com.google.firebase.components:io.flutter.plugins.firebase.firestore.FlutterFirebaseFirestoreRegistrar"
70-->[:cloud_firestore] AndroidManifest.xml:12:17-134
71                android:value="com.google.firebase.components.ComponentRegistrar" />
71-->[:cloud_firestore] AndroidManifest.xml:13:17-82
72            <meta-data
72-->[:firebase_auth] AndroidManifest.xml:11:13-13:85
73                android:name="com.google.firebase.components:io.flutter.plugins.firebase.auth.FlutterFirebaseAuthRegistrar"
73-->[:firebase_auth] AndroidManifest.xml:12:17-124
74                android:value="com.google.firebase.components.ComponentRegistrar" />
74-->[:firebase_auth] AndroidManifest.xml:13:17-82
75            <meta-data
75-->[:firebase_storage] AndroidManifest.xml:11:13-13:85
76                android:name="com.google.firebase.components:io.flutter.plugins.firebase.storage.FlutterFirebaseAppRegistrar"
76-->[:firebase_storage] AndroidManifest.xml:12:17-126
77                android:value="com.google.firebase.components.ComponentRegistrar" />
77-->[:firebase_storage] AndroidManifest.xml:13:17-82
78            <meta-data
78-->[:firebase_core] AndroidManifest.xml:11:13-13:85
79                android:name="com.google.firebase.components:io.flutter.plugins.firebase.core.FlutterFirebaseCoreRegistrar"
79-->[:firebase_core] AndroidManifest.xml:12:17-124
80                android:value="com.google.firebase.components.ComponentRegistrar" />
80-->[:firebase_core] AndroidManifest.xml:13:17-82
81            <meta-data
81-->[com.google.firebase:firebase-auth:23.2.1] AndroidManifest.xml:69:13-71:85
82                android:name="com.google.firebase.components:com.google.firebase.auth.FirebaseAuthRegistrar"
82-->[com.google.firebase:firebase-auth:23.2.1] AndroidManifest.xml:70:17-109
83                android:value="com.google.firebase.components.ComponentRegistrar" />
83-->[com.google.firebase:firebase-auth:23.2.1] AndroidManifest.xml:71:17-82
84            <meta-data
84-->[com.google.firebase:firebase-firestore:25.1.4] AndroidManifest.xml:17:13-19:85
85                android:name="com.google.firebase.components:com.google.firebase.firestore.FirebaseFirestoreKtxRegistrar"
85-->[com.google.firebase:firebase-firestore:25.1.4] AndroidManifest.xml:18:17-122
86                android:value="com.google.firebase.components.ComponentRegistrar" />
86-->[com.google.firebase:firebase-firestore:25.1.4] AndroidManifest.xml:19:17-82
87            <meta-data
87-->[com.google.firebase:firebase-firestore:25.1.4] AndroidManifest.xml:20:13-22:85
88                android:name="com.google.firebase.components:com.google.firebase.firestore.FirestoreRegistrar"
88-->[com.google.firebase:firebase-firestore:25.1.4] AndroidManifest.xml:21:17-111
89                android:value="com.google.firebase.components.ComponentRegistrar" />
89-->[com.google.firebase:firebase-firestore:25.1.4] AndroidManifest.xml:22:17-82
90            <meta-data
90-->[com.google.firebase:firebase-storage:21.0.2] AndroidManifest.xml:30:13-32:85
91                android:name="com.google.firebase.components:com.google.firebase.storage.FirebaseStorageKtxRegistrar"
91-->[com.google.firebase:firebase-storage:21.0.2] AndroidManifest.xml:31:17-118
92                android:value="com.google.firebase.components.ComponentRegistrar" />
92-->[com.google.firebase:firebase-storage:21.0.2] AndroidManifest.xml:32:17-82
93            <meta-data
93-->[com.google.firebase:firebase-storage:21.0.2] AndroidManifest.xml:33:13-35:85
94                android:name="com.google.firebase.components:com.google.firebase.storage.StorageRegistrar"
94-->[com.google.firebase:firebase-storage:21.0.2] AndroidManifest.xml:34:17-107
95                android:value="com.google.firebase.components.ComponentRegistrar" />
95-->[com.google.firebase:firebase-storage:21.0.2] AndroidManifest.xml:35:17-82
96            <meta-data
96-->[com.google.firebase:firebase-appcheck:18.0.0] AndroidManifest.xml:25:13-27:85
97                android:name="com.google.firebase.components:com.google.firebase.appcheck.FirebaseAppCheckKtxRegistrar"
97-->[com.google.firebase:firebase-appcheck:18.0.0] AndroidManifest.xml:26:17-120
98                android:value="com.google.firebase.components.ComponentRegistrar" />
98-->[com.google.firebase:firebase-appcheck:18.0.0] AndroidManifest.xml:27:17-82
99            <meta-data
99-->[com.google.firebase:firebase-appcheck:18.0.0] AndroidManifest.xml:28:13-30:85
100                android:name="com.google.firebase.components:com.google.firebase.appcheck.FirebaseAppCheckRegistrar"
100-->[com.google.firebase:firebase-appcheck:18.0.0] AndroidManifest.xml:29:17-117
101                android:value="com.google.firebase.components.ComponentRegistrar" />
101-->[com.google.firebase:firebase-appcheck:18.0.0] AndroidManifest.xml:30:17-82
102            <meta-data
102-->[com.google.firebase:firebase-common-ktx:21.0.0] AndroidManifest.xml:12:13-14:85
103                android:name="com.google.firebase.components:com.google.firebase.ktx.FirebaseCommonLegacyRegistrar"
103-->[com.google.firebase:firebase-common-ktx:21.0.0] AndroidManifest.xml:13:17-116
104                android:value="com.google.firebase.components.ComponentRegistrar" />
104-->[com.google.firebase:firebase-common-ktx:21.0.0] AndroidManifest.xml:14:17-82
105            <meta-data
105-->[com.google.firebase:firebase-common:21.0.0] AndroidManifest.xml:35:13-37:85
106                android:name="com.google.firebase.components:com.google.firebase.FirebaseCommonKtxRegistrar"
106-->[com.google.firebase:firebase-common:21.0.0] AndroidManifest.xml:36:17-109
107                android:value="com.google.firebase.components.ComponentRegistrar" />
107-->[com.google.firebase:firebase-common:21.0.0] AndroidManifest.xml:37:17-82
108        </service>
109
110        <provider
110-->[:image_picker_android] AndroidManifest.xml:11:9-19:20
111            android:name="io.flutter.plugins.imagepicker.ImagePickerFileProvider"
111-->[:image_picker_android] AndroidManifest.xml:12:13-82
112            android:authorities="com.example.antologia_nueva.flutter.image_provider"
112-->[:image_picker_android] AndroidManifest.xml:13:13-74
113            android:exported="false"
113-->[:image_picker_android] AndroidManifest.xml:14:13-37
114            android:grantUriPermissions="true" >
114-->[:image_picker_android] AndroidManifest.xml:15:13-47
115            <meta-data
115-->[:image_picker_android] AndroidManifest.xml:16:13-18:75
116                android:name="android.support.FILE_PROVIDER_PATHS"
116-->[:image_picker_android] AndroidManifest.xml:17:17-67
117                android:resource="@xml/flutter_image_picker_file_paths" />
117-->[:image_picker_android] AndroidManifest.xml:18:17-72
118        </provider> <!-- Trigger Google Play services to install the backported photo picker module. -->
119        <service
119-->[:image_picker_android] AndroidManifest.xml:21:9-33:19
120            android:name="com.google.android.gms.metadata.ModuleDependencies"
120-->[:image_picker_android] AndroidManifest.xml:22:13-78
121            android:enabled="false"
121-->[:image_picker_android] AndroidManifest.xml:23:13-36
122            android:exported="false" >
122-->[:image_picker_android] AndroidManifest.xml:24:13-37
123            <intent-filter>
123-->[:image_picker_android] AndroidManifest.xml:26:13-28:29
124                <action android:name="com.google.android.gms.metadata.MODULE_DEPENDENCIES" />
124-->[:image_picker_android] AndroidManifest.xml:27:17-94
124-->[:image_picker_android] AndroidManifest.xml:27:25-91
125            </intent-filter>
126
127            <meta-data
127-->[:image_picker_android] AndroidManifest.xml:30:13-32:36
128                android:name="photopicker_activity:0:required"
128-->[:image_picker_android] AndroidManifest.xml:31:17-63
129                android:value="" />
129-->[:image_picker_android] AndroidManifest.xml:32:17-33
130        </service>
131        <!--
132           Declares a provider which allows us to store files to share in
133           '.../caches/share_plus' and grant the receiving action access
134        -->
135        <provider
135-->[:share_plus] AndroidManifest.xml:15:9-23:20
136            android:name="dev.fluttercommunity.plus.share.ShareFileProvider"
136-->[:share_plus] AndroidManifest.xml:16:13-77
137            android:authorities="com.example.antologia_nueva.flutter.share_provider"
137-->[:share_plus] AndroidManifest.xml:17:13-74
138            android:exported="false"
138-->[:share_plus] AndroidManifest.xml:18:13-37
139            android:grantUriPermissions="true" >
139-->[:share_plus] AndroidManifest.xml:19:13-47
140            <meta-data
140-->[:image_picker_android] AndroidManifest.xml:16:13-18:75
141                android:name="android.support.FILE_PROVIDER_PATHS"
141-->[:image_picker_android] AndroidManifest.xml:17:17-67
142                android:resource="@xml/flutter_share_file_paths" />
142-->[:image_picker_android] AndroidManifest.xml:18:17-72
143        </provider>
144        <!--
145           This manifest declared broadcast receiver allows us to use an explicit
146           Intent when creating a PendingItent to be informed of the user's choice
147        -->
148        <receiver
148-->[:share_plus] AndroidManifest.xml:28:9-34:20
149            android:name="dev.fluttercommunity.plus.share.SharePlusPendingIntent"
149-->[:share_plus] AndroidManifest.xml:29:13-82
150            android:exported="false" >
150-->[:share_plus] AndroidManifest.xml:30:13-37
151            <intent-filter>
151-->[:share_plus] AndroidManifest.xml:31:13-33:29
152                <action android:name="EXTRA_CHOSEN_COMPONENT" />
152-->[:share_plus] AndroidManifest.xml:32:17-65
152-->[:share_plus] AndroidManifest.xml:32:25-62
153            </intent-filter>
154        </receiver>
155
156        <activity
156-->[com.google.firebase:firebase-auth:23.2.1] AndroidManifest.xml:29:9-46:20
157            android:name="com.google.firebase.auth.internal.GenericIdpActivity"
157-->[com.google.firebase:firebase-auth:23.2.1] AndroidManifest.xml:30:13-80
158            android:excludeFromRecents="true"
158-->[com.google.firebase:firebase-auth:23.2.1] AndroidManifest.xml:31:13-46
159            android:exported="true"
159-->[com.google.firebase:firebase-auth:23.2.1] AndroidManifest.xml:32:13-36
160            android:launchMode="singleTask"
160-->[com.google.firebase:firebase-auth:23.2.1] AndroidManifest.xml:33:13-44
161            android:theme="@android:style/Theme.Translucent.NoTitleBar" >
161-->[com.google.firebase:firebase-auth:23.2.1] AndroidManifest.xml:34:13-72
162            <intent-filter>
162-->[com.google.firebase:firebase-auth:23.2.1] AndroidManifest.xml:35:13-45:29
163                <action android:name="android.intent.action.VIEW" />
163-->[com.google.firebase:firebase-auth:23.2.1] AndroidManifest.xml:36:17-69
163-->[com.google.firebase:firebase-auth:23.2.1] AndroidManifest.xml:36:25-66
164
165                <category android:name="android.intent.category.DEFAULT" />
165-->[com.google.firebase:firebase-auth:23.2.1] AndroidManifest.xml:38:17-76
165-->[com.google.firebase:firebase-auth:23.2.1] AndroidManifest.xml:38:27-73
166                <category android:name="android.intent.category.BROWSABLE" />
166-->[com.google.firebase:firebase-auth:23.2.1] AndroidManifest.xml:39:17-78
166-->[com.google.firebase:firebase-auth:23.2.1] AndroidManifest.xml:39:27-75
167
168                <data
168-->[com.google.firebase:firebase-auth:23.2.1] AndroidManifest.xml:41:17-44:51
169                    android:host="firebase.auth"
169-->[com.google.firebase:firebase-auth:23.2.1] AndroidManifest.xml:42:21-49
170                    android:path="/"
170-->[com.google.firebase:firebase-auth:23.2.1] AndroidManifest.xml:43:21-37
171                    android:scheme="genericidp" />
171-->[com.google.firebase:firebase-auth:23.2.1] AndroidManifest.xml:44:21-48
172            </intent-filter>
173        </activity>
174        <activity
174-->[com.google.firebase:firebase-auth:23.2.1] AndroidManifest.xml:47:9-64:20
175            android:name="com.google.firebase.auth.internal.RecaptchaActivity"
175-->[com.google.firebase:firebase-auth:23.2.1] AndroidManifest.xml:48:13-79
176            android:excludeFromRecents="true"
176-->[com.google.firebase:firebase-auth:23.2.1] AndroidManifest.xml:49:13-46
177            android:exported="true"
177-->[com.google.firebase:firebase-auth:23.2.1] AndroidManifest.xml:50:13-36
178            android:launchMode="singleTask"
178-->[com.google.firebase:firebase-auth:23.2.1] AndroidManifest.xml:51:13-44
179            android:theme="@android:style/Theme.Translucent.NoTitleBar" >
179-->[com.google.firebase:firebase-auth:23.2.1] AndroidManifest.xml:52:13-72
180            <intent-filter>
180-->[com.google.firebase:firebase-auth:23.2.1] AndroidManifest.xml:53:13-63:29
181                <action android:name="android.intent.action.VIEW" />
181-->[com.google.firebase:firebase-auth:23.2.1] AndroidManifest.xml:36:17-69
181-->[com.google.firebase:firebase-auth:23.2.1] AndroidManifest.xml:36:25-66
182
183                <category android:name="android.intent.category.DEFAULT" />
183-->[com.google.firebase:firebase-auth:23.2.1] AndroidManifest.xml:38:17-76
183-->[com.google.firebase:firebase-auth:23.2.1] AndroidManifest.xml:38:27-73
184                <category android:name="android.intent.category.BROWSABLE" />
184-->[com.google.firebase:firebase-auth:23.2.1] AndroidManifest.xml:39:17-78
184-->[com.google.firebase:firebase-auth:23.2.1] AndroidManifest.xml:39:27-75
185
186                <data
186-->[com.google.firebase:firebase-auth:23.2.1] AndroidManifest.xml:41:17-44:51
187                    android:host="firebase.auth"
187-->[com.google.firebase:firebase-auth:23.2.1] AndroidManifest.xml:42:21-49
188                    android:path="/"
188-->[com.google.firebase:firebase-auth:23.2.1] AndroidManifest.xml:43:21-37
189                    android:scheme="recaptcha" />
189-->[com.google.firebase:firebase-auth:23.2.1] AndroidManifest.xml:44:21-48
190            </intent-filter>
191        </activity>
192
193        <provider
193-->[com.google.firebase:firebase-common:21.0.0] AndroidManifest.xml:23:9-28:39
194            android:name="com.google.firebase.provider.FirebaseInitProvider"
194-->[com.google.firebase:firebase-common:21.0.0] AndroidManifest.xml:24:13-77
195            android:authorities="com.example.antologia_nueva.firebaseinitprovider"
195-->[com.google.firebase:firebase-common:21.0.0] AndroidManifest.xml:25:13-72
196            android:directBootAware="true"
196-->[com.google.firebase:firebase-common:21.0.0] AndroidManifest.xml:26:13-43
197            android:exported="false"
197-->[com.google.firebase:firebase-common:21.0.0] AndroidManifest.xml:27:13-37
198            android:initOrder="100" />
198-->[com.google.firebase:firebase-common:21.0.0] AndroidManifest.xml:28:13-36
199
200        <service
200-->[androidx.credentials:credentials-play-services-auth:1.2.0-rc01] AndroidManifest.xml:24:9-32:19
201            android:name="androidx.credentials.playservices.CredentialProviderMetadataHolder"
201-->[androidx.credentials:credentials-play-services-auth:1.2.0-rc01] AndroidManifest.xml:25:13-94
202            android:enabled="true"
202-->[androidx.credentials:credentials-play-services-auth:1.2.0-rc01] AndroidManifest.xml:26:13-35
203            android:exported="false" >
203-->[androidx.credentials:credentials-play-services-auth:1.2.0-rc01] AndroidManifest.xml:27:13-37
204            <meta-data
204-->[androidx.credentials:credentials-play-services-auth:1.2.0-rc01] AndroidManifest.xml:29:13-31:104
205                android:name="androidx.credentials.CREDENTIAL_PROVIDER_KEY"
205-->[androidx.credentials:credentials-play-services-auth:1.2.0-rc01] AndroidManifest.xml:30:17-76
206                android:value="androidx.credentials.playservices.CredentialProviderPlayServicesImpl" />
206-->[androidx.credentials:credentials-play-services-auth:1.2.0-rc01] AndroidManifest.xml:31:17-101
207        </service>
208
209        <activity
209-->[androidx.credentials:credentials-play-services-auth:1.2.0-rc01] AndroidManifest.xml:34:9-41:20
210            android:name="androidx.credentials.playservices.HiddenActivity"
210-->[androidx.credentials:credentials-play-services-auth:1.2.0-rc01] AndroidManifest.xml:35:13-76
211            android:configChanges="orientation|screenSize|screenLayout|keyboardHidden"
211-->[androidx.credentials:credentials-play-services-auth:1.2.0-rc01] AndroidManifest.xml:36:13-87
212            android:enabled="true"
212-->[androidx.credentials:credentials-play-services-auth:1.2.0-rc01] AndroidManifest.xml:37:13-35
213            android:exported="false"
213-->[androidx.credentials:credentials-play-services-auth:1.2.0-rc01] AndroidManifest.xml:38:13-37
214            android:fitsSystemWindows="true"
214-->[androidx.credentials:credentials-play-services-auth:1.2.0-rc01] AndroidManifest.xml:39:13-45
215            android:theme="@style/Theme.Hidden" >
215-->[androidx.credentials:credentials-play-services-auth:1.2.0-rc01] AndroidManifest.xml:40:13-48
216        </activity>
217        <activity
217-->[com.google.android.gms:play-services-auth:20.7.0] AndroidManifest.xml:23:9-27:75
218            android:name="com.google.android.gms.auth.api.signin.internal.SignInHubActivity"
218-->[com.google.android.gms:play-services-auth:20.7.0] AndroidManifest.xml:24:13-93
219            android:excludeFromRecents="true"
219-->[com.google.android.gms:play-services-auth:20.7.0] AndroidManifest.xml:25:13-46
220            android:exported="false"
220-->[com.google.android.gms:play-services-auth:20.7.0] AndroidManifest.xml:26:13-37
221            android:theme="@android:style/Theme.Translucent.NoTitleBar" />
221-->[com.google.android.gms:play-services-auth:20.7.0] AndroidManifest.xml:27:13-72
222        <!--
223            Service handling Google Sign-In user revocation. For apps that do not integrate with
224            Google Sign-In, this service will never be started.
225        -->
226        <service
226-->[com.google.android.gms:play-services-auth:20.7.0] AndroidManifest.xml:33:9-37:51
227            android:name="com.google.android.gms.auth.api.signin.RevocationBoundService"
227-->[com.google.android.gms:play-services-auth:20.7.0] AndroidManifest.xml:34:13-89
228            android:exported="true"
228-->[com.google.android.gms:play-services-auth:20.7.0] AndroidManifest.xml:35:13-36
229            android:permission="com.google.android.gms.auth.api.signin.permission.REVOCATION_NOTIFICATION"
229-->[com.google.android.gms:play-services-auth:20.7.0] AndroidManifest.xml:36:13-107
230            android:visibleToInstantApps="true" />
230-->[com.google.android.gms:play-services-auth:20.7.0] AndroidManifest.xml:37:13-48
231
232        <activity
232-->[com.google.android.gms:play-services-base:18.1.0] AndroidManifest.xml:20:9-22:45
233            android:name="com.google.android.gms.common.api.GoogleApiActivity"
233-->[com.google.android.gms:play-services-base:18.1.0] AndroidManifest.xml:20:19-85
234            android:exported="false"
234-->[com.google.android.gms:play-services-base:18.1.0] AndroidManifest.xml:22:19-43
235            android:theme="@android:style/Theme.Translucent.NoTitleBar" />
235-->[com.google.android.gms:play-services-base:18.1.0] AndroidManifest.xml:21:19-78
236
237        <provider
237-->[androidx.lifecycle:lifecycle-process:2.7.0] AndroidManifest.xml:24:9-32:20
238            android:name="androidx.startup.InitializationProvider"
238-->[androidx.lifecycle:lifecycle-process:2.7.0] AndroidManifest.xml:25:13-67
239            android:authorities="com.example.antologia_nueva.androidx-startup"
239-->[androidx.lifecycle:lifecycle-process:2.7.0] AndroidManifest.xml:26:13-68
240            android:exported="false" >
240-->[androidx.lifecycle:lifecycle-process:2.7.0] AndroidManifest.xml:27:13-37
241            <meta-data
241-->[androidx.lifecycle:lifecycle-process:2.7.0] AndroidManifest.xml:29:13-31:52
242                android:name="androidx.lifecycle.ProcessLifecycleInitializer"
242-->[androidx.lifecycle:lifecycle-process:2.7.0] AndroidManifest.xml:30:17-78
243                android:value="androidx.startup" />
243-->[androidx.lifecycle:lifecycle-process:2.7.0] AndroidManifest.xml:31:17-49
244            <meta-data
244-->[androidx.profileinstaller:profileinstaller:1.3.1] AndroidManifest.xml:29:13-31:52
245                android:name="androidx.profileinstaller.ProfileInstallerInitializer"
245-->[androidx.profileinstaller:profileinstaller:1.3.1] AndroidManifest.xml:30:17-85
246                android:value="androidx.startup" />
246-->[androidx.profileinstaller:profileinstaller:1.3.1] AndroidManifest.xml:31:17-49
247        </provider>
248
249        <uses-library
249-->[androidx.window:window:1.2.0] AndroidManifest.xml:23:9-25:40
250            android:name="androidx.window.extensions"
250-->[androidx.window:window:1.2.0] AndroidManifest.xml:24:13-54
251            android:required="false" />
251-->[androidx.window:window:1.2.0] AndroidManifest.xml:25:13-37
252        <uses-library
252-->[androidx.window:window:1.2.0] AndroidManifest.xml:26:9-28:40
253            android:name="androidx.window.sidecar"
253-->[androidx.window:window:1.2.0] AndroidManifest.xml:27:13-51
254            android:required="false" />
254-->[androidx.window:window:1.2.0] AndroidManifest.xml:28:13-37
255
256        <meta-data
256-->[com.google.android.gms:play-services-basement:18.4.0] AndroidManifest.xml:6:9-122
257            android:name="com.google.android.gms.version"
257-->[com.google.android.gms:play-services-basement:18.4.0] AndroidManifest.xml:6:20-65
258            android:value="@integer/google_play_services_version" />
258-->[com.google.android.gms:play-services-basement:18.4.0] AndroidManifest.xml:6:66-119
259
260        <receiver
260-->[androidx.profileinstaller:profileinstaller:1.3.1] AndroidManifest.xml:34:9-52:20
261            android:name="androidx.profileinstaller.ProfileInstallReceiver"
261-->[androidx.profileinstaller:profileinstaller:1.3.1] AndroidManifest.xml:35:13-76
262            android:directBootAware="false"
262-->[androidx.profileinstaller:profileinstaller:1.3.1] AndroidManifest.xml:36:13-44
263            android:enabled="true"
263-->[androidx.profileinstaller:profileinstaller:1.3.1] AndroidManifest.xml:37:13-35
264            android:exported="true"
264-->[androidx.profileinstaller:profileinstaller:1.3.1] AndroidManifest.xml:38:13-36
265            android:permission="android.permission.DUMP" >
265-->[androidx.profileinstaller:profileinstaller:1.3.1] AndroidManifest.xml:39:13-57
266            <intent-filter>
266-->[androidx.profileinstaller:profileinstaller:1.3.1] AndroidManifest.xml:40:13-42:29
267                <action android:name="androidx.profileinstaller.action.INSTALL_PROFILE" />
267-->[androidx.profileinstaller:profileinstaller:1.3.1] AndroidManifest.xml:41:17-91
267-->[androidx.profileinstaller:profileinstaller:1.3.1] AndroidManifest.xml:41:25-88
268            </intent-filter>
269            <intent-filter>
269-->[androidx.profileinstaller:profileinstaller:1.3.1] AndroidManifest.xml:43:13-45:29
270                <action android:name="androidx.profileinstaller.action.SKIP_FILE" />
270-->[androidx.profileinstaller:profileinstaller:1.3.1] AndroidManifest.xml:44:17-85
270-->[androidx.profileinstaller:profileinstaller:1.3.1] AndroidManifest.xml:44:25-82
271            </intent-filter>
272            <intent-filter>
272-->[androidx.profileinstaller:profileinstaller:1.3.1] AndroidManifest.xml:46:13-48:29
273                <action android:name="androidx.profileinstaller.action.SAVE_PROFILE" />
273-->[androidx.profileinstaller:profileinstaller:1.3.1] AndroidManifest.xml:47:17-88
273-->[androidx.profileinstaller:profileinstaller:1.3.1] AndroidManifest.xml:47:25-85
274            </intent-filter>
275            <intent-filter>
275-->[androidx.profileinstaller:profileinstaller:1.3.1] AndroidManifest.xml:49:13-51:29
276                <action android:name="androidx.profileinstaller.action.BENCHMARK_OPERATION" />
276-->[androidx.profileinstaller:profileinstaller:1.3.1] AndroidManifest.xml:50:17-95
276-->[androidx.profileinstaller:profileinstaller:1.3.1] AndroidManifest.xml:50:25-92
277            </intent-filter>
278        </receiver> <!-- The activities will be merged into the manifest of the hosting app. -->
279        <activity
279-->[com.google.android.play:core-common:2.0.3] AndroidManifest.xml:14:9-18:65
280            android:name="com.google.android.play.core.common.PlayCoreDialogWrapperActivity"
280-->[com.google.android.play:core-common:2.0.3] AndroidManifest.xml:15:13-93
281            android:exported="false"
281-->[com.google.android.play:core-common:2.0.3] AndroidManifest.xml:16:13-37
282            android:stateNotNeeded="true"
282-->[com.google.android.play:core-common:2.0.3] AndroidManifest.xml:17:13-42
283            android:theme="@style/Theme.PlayCore.Transparent" />
283-->[com.google.android.play:core-common:2.0.3] AndroidManifest.xml:18:13-62
284    </application>
285
286</manifest>